<?xml version="1.0" encoding="UTF-8"?>
<!-- Generated by org.testng.reporters.JUnitReportReporter -->
<testsuite skipped="0" hostname="DESKTOP-0VAHO8P" name="api_learning.testNG.TestParameter02" tests="1" failures="0" timestamp="2022-09-06T23:17:05 ICT" time="0.003" errors="0">
  <testcase name="testParameter" time="0.003" classname="api_learning.testNG.TestParameter02"/>
  <system-out/>
</testsuite> <!-- api_learning.testNG.TestParameter02 -->
